<?xml version="1.0" encoding="UTF-8"?>
<!-- Generated by org.testng.reporters.JUnitReportReporter -->
<testsuite hostname="DESKTOP-0V34456" failures="0" tests="1" name="firstproject.Newfile" time="4.447" errors="0" timestamp="07 Dec 2022 11:18:32 GMT" skipped="0">
  <testcase classname="firstproject.Newfile" name="main" time="4.447"/>
</testsuite> <!-- firstproject.Newfile -->
